20:14:37.614 [main] INFO  testCases.TC001_AccountRegistrationTEst - ****Starting TC001_AccountRegistrationTest****
20:14:37.753 [main] INFO  testCases.TC001_AccountRegistrationTEst - ****Clicked on MyAccount Link****
20:14:38.259 [main] INFO  testCases.TC001_AccountRegistrationTEst - ****Clicked on Register Link****
20:14:38.264 [main] INFO  testCases.TC001_AccountRegistrationTEst - Providing customer details...
20:14:39.864 [main] INFO  testCases.TC001_AccountRegistrationTEst - Validating Expeced message
20:14:39.897 [main] INFO  testCases.TC001_AccountRegistrationTEst - ****Finished TC001_AccountRegistrationTest****
20:14:46.088 [main] INFO  testCases.TC002_LoginTest - ****Starting TC_002_LoginTest****
20:19:49.030 [main] DEBUG org.testng.TestNG - suiteXmlPath: "C:\java workspace\OpencartV21\master.xml"
20:19:49.323 [main] INFO  org.testng.internal.Utils - [TestNG] Running:
  C:\java workspace\OpencartV21\master.xml

20:19:55.378 [main] INFO  testCases.TC001_AccountRegistrationTEst - ****Starting TC001_AccountRegistrationTest****
20:19:55.528 [main] INFO  testCases.TC001_AccountRegistrationTEst - ****Clicked on MyAccount Link****
20:19:56.053 [main] INFO  testCases.TC001_AccountRegistrationTEst - ****Clicked on Register Link****
20:19:56.057 [main] INFO  testCases.TC001_AccountRegistrationTEst - Providing customer details...
20:19:57.611 [main] INFO  testCases.TC001_AccountRegistrationTEst - Validating Expeced message
20:19:57.651 [main] INFO  testCases.TC001_AccountRegistrationTEst - ****Finished TC001_AccountRegistrationTest****
20:20:04.962 [main] INFO  testCases.TC002_LoginTest - ****Starting TC_002_LoginTest****
20:20:07.219 [main] INFO  testCases.TC002_LoginTest - ****Finished TC_002_LoginTest****
20:20:35.542 [main] DEBUG org.testng.TestNG - suiteXmlPath: "C:\java workspace\OpencartV21\master.xml"
20:20:35.921 [main] INFO  org.testng.internal.Utils - [TestNG] Running:
  C:\java workspace\OpencartV21\master.xml

20:20:42.332 [main] INFO  testCases.TC001_AccountRegistrationTEst - ****Starting TC001_AccountRegistrationTest****
20:20:42.461 [main] INFO  testCases.TC001_AccountRegistrationTEst - ****Clicked on MyAccount Link****
20:20:43.103 [main] INFO  testCases.TC001_AccountRegistrationTEst - ****Clicked on Register Link****
20:20:43.105 [main] INFO  testCases.TC001_AccountRegistrationTEst - Providing customer details...
20:20:44.719 [main] INFO  testCases.TC001_AccountRegistrationTEst - Validating Expeced message
20:20:44.759 [main] INFO  testCases.TC001_AccountRegistrationTEst - ****Finished TC001_AccountRegistrationTest****
20:20:52.042 [main] INFO  testCases.TC002_LoginTest - ****Starting TC_002_LoginTest****
20:23:27.149 [main] DEBUG org.testng.TestNG - suiteXmlPath: "C:\java workspace\OpencartV21\test-output\testng-failed.xml"
20:23:27.435 [main] INFO  org.testng.internal.Utils - [TestNG] Running:
  C:\java workspace\OpencartV21\test-output\testng-failed.xml

20:23:34.191 [main] INFO  testCases.TC002_LoginTest - ****Starting TC_002_LoginTest****
20:23:35.787 [main] INFO  testCases.TC002_LoginTest - ****Finished TC_002_LoginTest****
12:29:16.060 [main] DEBUG org.testng.TestNG - suiteXmlPath: "C:\java workspace\OpencartV21\master.xml"
12:29:16.369 [main] INFO  org.testng.internal.Utils - [TestNG] Running:
  C:\java workspace\OpencartV21\master.xml

12:29:20.846 [main] INFO  testCases.TC001_AccountRegistrationTEst - ****Starting TC001_AccountRegistrationTest****
12:29:21.033 [main] INFO  testCases.TC001_AccountRegistrationTEst - ****Clicked on MyAccount Link****
12:29:21.546 [main] INFO  testCases.TC001_AccountRegistrationTEst - ****Clicked on Register Link****
12:29:21.553 [main] INFO  testCases.TC001_AccountRegistrationTEst - Providing customer details...
12:29:23.010 [main] INFO  testCases.TC001_AccountRegistrationTEst - Validating Expeced message
12:29:23.049 [main] INFO  testCases.TC001_AccountRegistrationTEst - ****Finished TC001_AccountRegistrationTest****
12:29:29.247 [main] INFO  testCases.TC002_LoginTest - ****Starting TC_002_LoginTest****
12:29:30.814 [main] INFO  testCases.TC002_LoginTest - ****Finished TC_002_LoginTest****
14:19:32.063 [main] DEBUG org.testng.TestNG - suiteXmlPath: "C:\java workspace\OpencartV21\docker-compose.yaml"
15:24:40.024 [main] DEBUG org.testng.TestNG - suiteXmlPath: "C:\java workspace\OpencartV21\docker-compose.yaml"
17:10:54.083 [main] DEBUG org.testng.TestNG - suiteXmlPath: "C:\java workspace\OpencartV21\master.xml"
17:11:01.918 [main] INFO  testCases.TC001_AccountRegistrationTEst - ****Starting TC001_AccountRegistrationTest****
17:11:02.365 [main] INFO  testCases.TC001_AccountRegistrationTEst - ****Clicked on MyAccount Link****
17:11:03.503 [main] INFO  testCases.TC001_AccountRegistrationTEst - ****Clicked on Register Link****
17:11:03.507 [main] INFO  testCases.TC001_AccountRegistrationTEst - Providing customer details...
17:11:06.147 [main] INFO  testCases.TC001_AccountRegistrationTEst - Validating Expeced message
