16:53:15.081 [main] INFO  org.testng.internal.Utils - [Utils] MethodGroupsHelper.sortMethods() took 0 ms.
16:53:15.099 [main] INFO  org.testng.internal.Utils - [TestNG] Running:
  C:\Users\HP\AppData\Local\Temp\testng-eclipse-1621326656\testng-customsuite.xml

16:53:15.129 [main] INFO  org.testng.internal.Utils - [Utils] DynamicGraphHelper.createDynamicGraph() took 6 ms.
16:53:15.388 [main] INFO  org.testng.internal.Utils - [TestNG] Time taken by org.testng.reporters.jq.Main@6e16b8b5: 119 ms
16:53:15.406 [main] INFO  org.testng.internal.Utils - [TestNG] Time taken by org.testng.reporters.FailedReporter@72bd06ca: 18 ms
16:53:15.428 [main] INFO  org.testng.internal.Utils - [TestNG] Time taken by org.testng.reporters.XMLReporter@41a90fa8: 20 ms
16:53:15.441 [main] INFO  org.testng.internal.Utils - [TestNG] Time taken by org.testng.reporters.EmailableReporter2@4a9f80d3: 13 ms
16:53:15.449 [main] INFO  org.testng.internal.Utils - [TestNG] Time taken by org.testng.reporters.JUnitReportReporter@9635fa: 8 ms
16:53:15.450 [main] INFO  org.testng.internal.Utils - [TestNG] Time taken by org.testng.internal.ExitCodeListener@53ab0286: 0 ms
16:55:29.540 [main] DEBUG org.testng.TestNG - suiteXmlPath: "C:\java workspace\OpencartV21\master.xml"
16:55:29.816 [main] INFO  org.testng.internal.Utils - [TestNG] Running:
  C:\java workspace\OpencartV21\master.xml

16:55:35.690 [main] INFO  testCases.TC001_AccountRegistrationTEst - ****Starting TC001_AccountRegistrationTest****
16:55:35.816 [main] INFO  testCases.TC001_AccountRegistrationTEst - ****Clicked on MyAccount Link****
16:55:36.301 [main] INFO  testCases.TC001_AccountRegistrationTEst - ****Clicked on Register Link****
16:55:36.306 [main] INFO  testCases.TC001_AccountRegistrationTEst - Providing customer details...
16:55:37.875 [main] INFO  testCases.TC001_AccountRegistrationTEst - Validating Expeced message
16:55:37.913 [main] INFO  testCases.TC001_AccountRegistrationTEst - ****Finished TC001_AccountRegistrationTest****
18:28:17.079 [main] DEBUG org.testng.TestNG - suiteXmlPath: "C:\java workspace\OpencartV21\master.xml"
18:28:17.431 [main] INFO  org.testng.internal.Utils - [TestNG] Running:
  C:\java workspace\OpencartV21\master.xml

18:28:27.051 [main] INFO  testCases.TC001_AccountRegistrationTEst - ****Starting TC001_AccountRegistrationTest****
18:28:27.229 [main] INFO  testCases.TC001_AccountRegistrationTEst - ****Clicked on MyAccount Link****
18:28:27.954 [main] INFO  testCases.TC001_AccountRegistrationTEst - ****Clicked on Register Link****
18:28:27.960 [main] INFO  testCases.TC001_AccountRegistrationTEst - Providing customer details...
18:28:30.142 [main] INFO  testCases.TC001_AccountRegistrationTEst - Validating Expeced message
18:28:30.195 [main] INFO  testCases.TC001_AccountRegistrationTEst - ****Finished TC001_AccountRegistrationTest****
19:27:53.346 [main] DEBUG org.testng.TestNG - suiteXmlPath: "C:\Users\HP\AppData\Local\Temp\testng-eclipse--793803789\testng-customsuite.xml"
19:27:53.712 [main] INFO  org.testng.internal.Utils - [Utils] MethodGroupsHelper.collectMethodsByGroup() took 1 ms.
19:27:53.716 [main] INFO  org.testng.internal.Utils - [Utils] MethodGroupsHelper.sortMethods() took 1 ms.
19:27:53.717 [main] INFO  org.testng.internal.Utils - [Utils] MethodGroupsHelper.collectMethodsByGroup() took 0 ms.
19:27:53.718 [main] INFO  org.testng.internal.Utils - [Utils] MethodGroupsHelper.sortMethods() took 0 ms.
19:27:53.719 [main] INFO  org.testng.internal.Utils - [Utils] MethodGroupsHelper.collectMethodsByGroup() took 0 ms.
19:27:53.719 [main] INFO  org.testng.internal.Utils - [Utils] MethodGroupsHelper.sortMethods() took 0 ms.
19:27:53.720 [main] INFO  org.testng.internal.Utils - [Utils] MethodGroupsHelper.collectMethodsByGroup() took 0 ms.
19:27:53.720 [main] INFO  org.testng.internal.Utils - [Utils] MethodGroupsHelper.sortMethods() took 0 ms.
19:27:53.730 [main] INFO  org.testng.internal.Utils - [Utils] MethodGroupsHelper.collectMethodsByGroup() took 6 ms.
19:27:53.741 [main] INFO  org.testng.internal.Utils - [Utils] MethodGroupsHelper.sortMethods() took 9 ms.
19:27:53.745 [main] INFO  org.testng.internal.Utils - [Utils] MethodGroupsHelper.collectMethodsByGroup() took 0 ms.
19:27:53.745 [main] INFO  org.testng.internal.Utils - [Utils] MethodGroupsHelper.sortMethods() took 0 ms.
19:27:53.747 [main] INFO  org.testng.internal.Utils - [Utils] MethodGroupsHelper.collectMethodsByGroup() took 0 ms.
19:27:53.747 [main] INFO  org.testng.internal.Utils - [Utils] MethodGroupsHelper.sortMethods() took 0 ms.
19:27:53.748 [main] INFO  org.testng.internal.Utils - [Utils] MethodGroupsHelper.collectMethodsByGroup() took 0 ms.
19:27:53.748 [main] INFO  org.testng.internal.Utils - [Utils] MethodGroupsHelper.sortMethods() took 0 ms.
19:27:53.750 [main] INFO  org.testng.internal.Utils - [Utils] MethodGroupsHelper.collectMethodsByGroup() took 0 ms.
19:27:53.750 [main] INFO  org.testng.internal.Utils - [Utils] MethodGroupsHelper.sortMethods() took 0 ms.
